2018-03-22 17:07:00 [main] INFO  o.s.j.e.a.AnnotationMBeanExporter - Bean with name 'boDataSource' has been autodetected for JMX exposure
2018-03-22 17:07:00 [main] INFO  o.s.j.e.a.AnnotationMBeanExporter - Bean with name 'fmtDataSource' has been autodetected for JMX exposure
2018-03-22 17:07:00 [main] INFO  o.s.j.e.a.AnnotationMBeanExporter - Located MBean 'fmtDataSource': registering with JMX server as MBean [com.zaxxer.hikari:name=fmtDataSource,type=HikariDataSource]
2018-03-22 17:07:00 [main] INFO  o.s.j.e.a.AnnotationMBeanExporter - Located MBean 'boDataSource': registering with JMX server as MBean [com.zaxxer.hikari:name=boDataSource,type=HikariDataSource]
2018-03-22 17:07:00 [main] INFO  o.s.c.s.DefaultLifecycleProcessor - Starting beans in phase 2147483647
2018-03-22 17:07:00 [main] INFO  s.d.s.w.p.DocumentationPluginsBootstrapper - Context refreshed
2018-03-22 17:07:00 [main] INFO  s.d.s.w.p.DocumentationPluginsBootstrapper - Found 1 custom documentation plugin(s)
2018-03-22 17:07:00 [main] INFO  s.d.s.w.s.ApiListingReferenceScanner - Scanning for api listing references
2018-03-22 17:07:00 [main] INFO  s.d.s.w.r.o.CachingOperationNameGenerator - Generating unique operation named: syncAndroidDataUsingGET_1
2018-03-22 17:07:00 [main] INFO  s.d.s.w.r.o.CachingOperationNameGenerator - Generating unique operation named: syncAndroidDataUsingGET_2
2018-03-22 17:07:00 [main] INFO  s.d.s.w.r.o.CachingOperationNameGenerator - Generating unique operation named: readAllUsingGET_1
2018-03-22 17:07:00 [main] INFO  s.d.s.w.r.o.CachingOperationNameGenerator - Generating unique operation named: syncAndroidDataUsingGET_3
2018-03-22 17:07:00 [main] INFO  s.d.s.w.r.o.CachingOperationNameGenerator - Generating unique operation named: syncIosDataUsingGET_1
2018-03-22 17:07:00 [main] INFO  s.d.s.w.r.o.CachingOperationNameGenerator - Generating unique operation named: readAllUsingGET_2
2018-03-22 17:07:00 [main] INFO  s.d.s.w.r.o.CachingOperationNameGenerator - Generating unique operation named: syncAndroidDataUsingGET_4
2018-03-22 17:07:00 [main] INFO  s.d.s.w.r.o.CachingOperationNameGenerator - Generating unique operation named: syncIosDataUsingGET_2
2018-03-22 17:07:00 [main] INFO  s.d.s.w.r.o.CachingOperationNameGenerator - Generating unique operation named: readAllUsingGET_3
2018-03-22 17:07:00 [main] INFO  s.d.s.w.r.o.CachingOperationNameGenerator - Generating unique operation named: readAllUsingGET_4
2018-03-22 17:07:00 [main] INFO  s.d.s.w.r.o.CachingOperationNameGenerator - Generating unique operation named: syncAndroidDataUsingGET_5
2018-03-22 17:07:00 [main] INFO  s.d.s.w.r.o.CachingOperationNameGenerator - Generating unique operation named: syncIosDataUsingGET_3
2018-03-22 17:07:00 [main] INFO  s.d.s.w.r.o.CachingOperationNameGenerator - Generating unique operation named: readAllUsingGET_5
2018-03-22 17:07:00 [main] INFO  s.d.s.w.r.o.CachingOperationNameGenerator - Generating unique operation named: syncAndroidDataUsingGET_6
2018-03-22 17:07:00 [main] INFO  s.d.s.w.r.o.CachingOperationNameGenerator - Generating unique operation named: syncIosDataUsingGET_4
2018-03-22 17:07:00 [main] INFO  o.s.s.a.ScheduledAnnotationBeanPostProcessor - No TaskScheduler/ScheduledExecutorService bean found for scheduled processing
2018-03-22 17:07:00 [main] INFO  o.s.b.w.e.tomcat.TomcatWebServer - Tomcat started on port(s): 8381 (http) with context path '/fmt-sentinel'
2018-03-22 17:07:00 [main] INFO  com.dev.sv.server.Application - Started Application in 12.082 seconds (JVM running for 13.194)
2018-03-22 17:07:01 [pool-3-thread-1] INFO  o.h.h.i.QueryTranslatorFactoryInitiator - HHH000397: Using ASTQueryTranslatorFactory
